<?xml version="1.0" encoding="UTF-8"?>
<testsuite xmlns:xsi="http://www.w3.org/2001/XMLSchema-instance" xsi:schemaLocation="https://maven.apache.org/surefire/maven-surefire-plugin/xsd/surefire-test-report.xsd" name="com.surchx.transactionfeeapi.testsuite.AcceptanceTestSuite" time="204.787" tests="72" errors="0" skipped="0" failures="0">
  <properties>
    <property name="java.runtime.name" value="Java(TM) SE Runtime Environment"/>
    <property name="sun.boot.library.path" value="C:\Program Files\Java\jdk1.8.0_201\jre\bin"/>
    <property name="java.vm.version" value="25.201-b09"/>
    <property name="java.vm.vendor" value="Oracle Corporation"/>
    <property name="maven.multiModuleProjectDirectory" value="C:\Users\mangi\SurchXAutomation\SurchX"/>
    <property name="java.vendor.url" value="http://java.oracle.com/"/>
    <property name="path.separator" value=";"/>
    <property name="guice.disable.misplaced.annotation.check" value="true"/>
    <property name="java.vm.name" value="Java HotSpot(TM) 64-Bit Server VM"/>
    <property name="file.encoding.pkg" value="sun.io"/>
    <property name="user.script" value=""/>
    <property name="user.country" value="US"/>
    <property name="sun.java.launcher" value="SUN_STANDARD"/>
    <property name="sun.os.patch.level" value=""/>
    <property name="java.vm.specification.name" value="Java Virtual Machine Specification"/>
    <property name="user.dir" value="C:\Users\mangi\SurchXAutomation\SurchX"/>
    <property name="java.runtime.version" value="1.8.0_201-b09"/>
    <property name="java.awt.graphicsenv" value="sun.awt.Win32GraphicsEnvironment"/>
    <property name="java.endorsed.dirs" value="C:\Program Files\Java\jdk1.8.0_201\jre\lib\endorsed"/>
    <property name="os.arch" value="amd64"/>
    <property name="java.io.tmpdir" value="C:\Users\mangi\AppData\Local\Temp\"/>
    <property name="line.separator" value="&#10;"/>
    <property name="java.vm.specification.vendor" value="Oracle Corporation"/>
    <property name="user.variant" value=""/>
    <property name="os.name" value="Windows 10"/>
    <property name="classworlds.conf" value="C:\Users\mangi\SurchXAutomation\.metadata\.plugins\org.eclipse.m2e.launching\launches\m2conf7193227180556120999.tmp"/>
    <property name="sun.jnu.encoding" value="Cp1252"/>
    <property name="java.library.path" value="C:\Program Files\Java\jdk1.8.0_201\bin;C:\windows\Sun\Java\bin;C:\windows\system32;C:\windows;C:/Program Files/Java/jre1.8.0_201/bin/server;C:/Program Files/Java/jre1.8.0_201/bin;C:/Program Files/Java/jre1.8.0_201/lib/amd64;C:\Program Files (x86)\Common Files\Oracle\Java\javapath;C:\windows\system32;C:\windows;C:\windows\System32\Wbem;C:\windows\System32\WindowsPowerShell\v1.0\;C:\windows\System32\OpenSSH\;C:\Program Files (x86)\Intel\Intel(R) Management Engine Components\DAL;C:\Program Files\Intel\Intel(R) Management Engine Components\DAL;C:\Program Files (x86)\Intel\Intel(R) Management Engine Components\IPT;C:\Program Files\Intel\Intel(R) Management Engine Components\IPT;C:\Program Files (x86)\NVIDIA Corporation\PhysX\Common;C:\Users\mangi\AppData\Local\Microsoft\WindowsApps;;C:\Users\mangi\Downloads\eclipse-jee-2018-12-R-win32-x86_64\eclipse;;."/>
    <property name="java.specification.name" value="Java Platform API Specification"/>
    <property name="java.class.version" value="52.0"/>
    <property name="sun.management.compiler" value="HotSpot 64-Bit Tiered Compilers"/>
    <property name="os.version" value="10.0"/>
    <property name="user.home" value="C:\Users\mangi"/>
    <property name="user.timezone" value="America/Phoenix"/>
    <property name="java.awt.printerjob" value="sun.awt.windows.WPrinterJob"/>
    <property name="java.specification.version" value="1.8"/>
    <property name="file.encoding" value="Cp1252"/>
    <property name="user.name" value="mangi"/>
    <property name="java.class.path" value="C:\Users\mangi\Downloads\eclipse-jee-2018-12-R-win32-x86_64\eclipse\plugins\org.eclipse.m2e.maven.runtime_1.10.0.20181127-2120\jars\plexus-classworlds-2.5.2.jar"/>
    <property name="java.vm.specification.version" value="1.8"/>
    <property name="sun.arch.data.model" value="64"/>
    <property name="java.home" value="C:\Program Files\Java\jdk1.8.0_201\jre"/>
    <property name="sun.java.command" value="org.codehaus.plexus.classworlds.launcher.Launcher -B clean verify"/>
    <property name="java.specification.vendor" value="Oracle Corporation"/>
    <property name="user.language" value="en"/>
    <property name="awt.toolkit" value="sun.awt.windows.WToolkit"/>
    <property name="java.vm.info" value="mixed mode"/>
    <property name="java.version" value="1.8.0_201"/>
    <property name="java.ext.dirs" value="C:\Program Files\Java\jdk1.8.0_201\jre\lib\ext;C:\windows\Sun\Java\lib\ext"/>
    <property name="sun.boot.class.path" value="C:\Program Files\Java\jdk1.8.0_201\jre\lib\resources.jar;C:\Program Files\Java\jdk1.8.0_201\jre\lib\rt.jar;C:\Program Files\Java\jdk1.8.0_201\jre\lib\sunrsasign.jar;C:\Program Files\Java\jdk1.8.0_201\jre\lib\jsse.jar;C:\Program Files\Java\jdk1.8.0_201\jre\lib\jce.jar;C:\Program Files\Java\jdk1.8.0_201\jre\lib\charsets.jar;C:\Program Files\Java\jdk1.8.0_201\jre\lib\jfr.jar;C:\Program Files\Java\jdk1.8.0_201\jre\classes"/>
    <property name="java.vendor" value="Oracle Corporation"/>
    <property name="maven.home" value="C:\Users\mangi\SurchXAutomation\SurchX\EMBEDDED"/>
    <property name="file.separator" value="\"/>
    <property name="java.vendor.url.bug" value="http://bugreport.sun.com/bugreport/"/>
    <property name="sun.cpu.endian" value="little"/>
    <property name="sun.io.unicode.encoding" value="UnicodeLittle"/>
    <property name="sun.desktop" value="windows"/>
    <property name="sun.cpu.isalist" value="amd64"/>
  </properties>
  <testcase name="1 - Verify Transaction Fee API call with different types of VISA cards with Paysafe7861 processor" classname="As a user" time="7.898"/>
  <testcase name="1 - Verify Transaction Fee API call with different types of VISA cards with Paysafe7861 processor" classname="As a user" time="5.923"/>
  <testcase name="1 - Verify Transaction Fee API call with different types of VISA cards with Paysafe7861 processor" classname="As a user" time="4.008"/>
  <testcase name="1 - Verify Transaction Fee API call with different types of VISA cards with Paysafe7861 processor" classname="As a user" time="3.399"/>
  <testcase name="1 - Verify Transaction Fee API call with different types of VISA cards with Paysafe7861 processor" classname="As a user" time="3.134"/>
  <testcase name="1 - Verify Transaction Fee API call with different types of VISA cards with Paysafe7861 processor" classname="As a user" time="2.226"/>
  <testcase name="1 - Verify Transaction Fee API call with different types of VISA cards with Paysafe7861 processor" classname="As a user" time="3.709"/>
  <testcase name="1 - Verify Transaction Fee API call with different types of VISA cards with Paysafe7861 processor" classname="As a user" time="2.972"/>
  <testcase name="1 - Verify Transaction Fee API call with different types of VISA cards with Paysafe7861 processor" classname="As a user" time="4.585"/>
  <testcase name="1 - Verify Transaction Fee API call with different types of VISA cards with Paysafe7861 processor" classname="As a user" time="14.695"/>
  <testcase name="2 - Verify Transaction Fee API call with different types of VISA cards with Paysafe9909 processor" classname="As a user" time="3.355"/>
  <testcase name="2 - Verify Transaction Fee API call with different types of VISA cards with Paysafe9909 processor" classname="As a user" time="1.031"/>
  <testcase name="2 - Verify Transaction Fee API call with different types of VISA cards with Paysafe9909 processor" classname="As a user" time="2.443"/>
  <testcase name="2 - Verify Transaction Fee API call with different types of VISA cards with Paysafe9909 processor" classname="As a user" time="7.33"/>
  <testcase name="2 - Verify Transaction Fee API call with different types of VISA cards with Paysafe9909 processor" classname="As a user" time="2.83"/>
  <testcase name="2 - Verify Transaction Fee API call with different types of VISA cards with Paysafe9909 processor" classname="As a user" time="1.491"/>
  <testcase name="2 - Verify Transaction Fee API call with different types of VISA cards with Paysafe9909 processor" classname="As a user" time="2.15"/>
  <testcase name="2 - Verify Transaction Fee API call with different types of VISA cards with Paysafe9909 processor" classname="As a user" time="2.719"/>
  <testcase name="2 - Verify Transaction Fee API call with different types of VISA cards with Paysafe9909 processor" classname="As a user" time="1.042"/>
  <testcase name="2 - Verify Transaction Fee API call with different types of VISA cards with Paysafe9909 processor" classname="As a user" time="2.145"/>
  <testcase name="3 - Verify Transaction Fee API call with different types of VISA cards with Titanium4994 processor" classname="As a user" time="2.311"/>
  <testcase name="3 - Verify Transaction Fee API call with different types of VISA cards with Titanium4994 processor" classname="As a user" time="6.436"/>
  <testcase name="3 - Verify Transaction Fee API call with different types of VISA cards with Titanium4994 processor" classname="As a user" time="9.474"/>
  <testcase name="3 - Verify Transaction Fee API call with different types of VISA cards with Titanium4994 processor" classname="As a user" time="2.999"/>
  <testcase name="3 - Verify Transaction Fee API call with different types of VISA cards with Titanium4994 processor" classname="As a user" time="7.495"/>
  <testcase name="3 - Verify Transaction Fee API call with different types of VISA cards with Titanium4994 processor" classname="As a user" time="5.065"/>
  <testcase name="3 - Verify Transaction Fee API call with different types of VISA cards with Titanium4994 processor" classname="As a user" time="4.442"/>
  <testcase name="3 - Verify Transaction Fee API call with different types of VISA cards with Titanium4994 processor" classname="As a user" time="2.387"/>
  <testcase name="3 - Verify Transaction Fee API call with different types of VISA cards with Titanium4994 processor" classname="As a user" time="2.243"/>
  <testcase name="3 - Verify Transaction Fee API call with different types of VISA cards with Titanium4994 processor" classname="As a user" time="5.499"/>
  <testcase name="4 - Verify Transaction Fee API call with different types of MASTERCARD with PAYSAFE7861 processor" classname="As a user" time="0.596"/>
  <testcase name="4 - Verify Transaction Fee API call with different types of MASTERCARD with PAYSAFE7861 processor" classname="As a user" time="0.351"/>
  <testcase name="4 - Verify Transaction Fee API call with different types of MASTERCARD with PAYSAFE7861 processor" classname="As a user" time="0.354"/>
  <testcase name="4 - Verify Transaction Fee API call with different types of MASTERCARD with PAYSAFE7861 processor" classname="As a user" time="0.343"/>
  <testcase name="4 - Verify Transaction Fee API call with different types of MASTERCARD with PAYSAFE7861 processor" classname="As a user" time="0.367"/>
  <testcase name="4 - Verify Transaction Fee API call with different types of MASTERCARD with PAYSAFE7861 processor" classname="As a user" time="0.571"/>
  <testcase name="4 - Verify Transaction Fee API call with different types of MASTERCARD with PAYSAFE7861 processor" classname="As a user" time="2.894"/>
  <testcase name="4 - Verify Transaction Fee API call with different types of MASTERCARD with PAYSAFE7861 processor" classname="As a user" time="3.646"/>
  <testcase name="5 - Verify Transaction Fee API call with different types of MASTERCARD with PAYSAFE9909 processor" classname="As a user" time="2.947"/>
  <testcase name="5 - Verify Transaction Fee API call with different types of MASTERCARD with PAYSAFE9909 processor" classname="As a user" time="1.81"/>
  <testcase name="5 - Verify Transaction Fee API call with different types of MASTERCARD with PAYSAFE9909 processor" classname="As a user" time="5.825"/>
  <testcase name="5 - Verify Transaction Fee API call with different types of MASTERCARD with PAYSAFE9909 processor" classname="As a user" time="1.179"/>
  <testcase name="5 - Verify Transaction Fee API call with different types of MASTERCARD with PAYSAFE9909 processor" classname="As a user" time="8.333"/>
  <testcase name="5 - Verify Transaction Fee API call with different types of MASTERCARD with PAYSAFE9909 processor" classname="As a user" time="3.332"/>
  <testcase name="5 - Verify Transaction Fee API call with different types of MASTERCARD with PAYSAFE9909 processor" classname="As a user" time="5.372"/>
  <testcase name="5 - Verify Transaction Fee API call with different types of MASTERCARD with PAYSAFE9909 processor" classname="As a user" time="2.093"/>
  <testcase name="6 - Verify Transaction Fee API call with different types of MASTERCARD with Titanium4994 processor" classname="As a user" time="2.198"/>
  <testcase name="6 - Verify Transaction Fee API call with different types of MASTERCARD with Titanium4994 processor" classname="As a user" time="0.359"/>
  <testcase name="6 - Verify Transaction Fee API call with different types of MASTERCARD with Titanium4994 processor" classname="As a user" time="0.355"/>
  <testcase name="6 - Verify Transaction Fee API call with different types of MASTERCARD with Titanium4994 processor" classname="As a user" time="0.631"/>
  <testcase name="6 - Verify Transaction Fee API call with different types of MASTERCARD with Titanium4994 processor" classname="As a user" time="0.356"/>
  <testcase name="6 - Verify Transaction Fee API call with different types of MASTERCARD with Titanium4994 processor" classname="As a user" time="0.359"/>
  <testcase name="6 - Verify Transaction Fee API call with different types of MASTERCARD with Titanium4994 processor" classname="As a user" time="4.081"/>
  <testcase name="6 - Verify Transaction Fee API call with different types of MASTERCARD with Titanium4994 processor" classname="As a user" time="3.199"/>
  <testcase name="7 - Verify Transaction Fee API call with different types of DISCOVER with PAYSAFE7861 processor" classname="As a user" time="4.368"/>
  <testcase name="7 - Verify Transaction Fee API call with different types of DISCOVER with PAYSAFE7861 processor" classname="As a user" time="2.512"/>
  <testcase name="7 - Verify Transaction Fee API call with different types of DISCOVER with PAYSAFE7861 processor" classname="As a user" time="1.015"/>
  <testcase name="7 - Verify Transaction Fee API call with different types of DISCOVER with PAYSAFE7861 processor" classname="As a user" time="1.745"/>
  <testcase name="8 - Verify Transaction Fee API call with different types of DISCOVER with PAYSAFE9909 processor" classname="As a user" time="1.2"/>
  <testcase name="8 - Verify Transaction Fee API call with different types of DISCOVER with PAYSAFE9909 processor" classname="As a user" time="0.354"/>
  <testcase name="8 - Verify Transaction Fee API call with different types of DISCOVER with PAYSAFE9909 processor" classname="As a user" time="0.369"/>
  <testcase name="8 - Verify Transaction Fee API call with different types of DISCOVER with PAYSAFE9909 processor" classname="As a user" time="0.441"/>
  <testcase name="9 - Verify Transaction Fee API call with different types of DISCOVER with Titanium4994 processor" classname="As a user" time="0.371"/>
  <testcase name="9 - Verify Transaction Fee API call with different types of DISCOVER with Titanium4994 processor" classname="As a user" time="0.352"/>
  <testcase name="9 - Verify Transaction Fee API call with different types of DISCOVER with Titanium4994 processor" classname="As a user" time="4.679"/>
  <testcase name="9 - Verify Transaction Fee API call with different types of DISCOVER with Titanium4994 processor" classname="As a user" time="2.791"/>
  <testcase name="10 - Verify Transaction Fee API call with different types of AMEX with PAYSAFE7861 processor" classname="As a user" time="0.959"/>
  <testcase name="10 - Verify Transaction Fee API call with different types of AMEX with PAYSAFE7861 processor" classname="As a user" time="1.312"/>
  <testcase name="11 - Verify Transaction Fee API call with different types of AMEX with PAYSAFE9909 processor" classname="As a user" time="0.453"/>
  <testcase name="11 - Verify Transaction Fee API call with different types of AMEX with PAYSAFE9909 processor" classname="As a user" time="0.435"/>
  <testcase name="12 - Verify Transaction Fee API call with different types of AMEX with Titanium4994 processor" classname="As a user" time="0.35"/>
  <testcase name="12 - Verify Transaction Fee API call with different types of AMEX with Titanium4994 processor" classname="As a user" time="0.45"/>
</testsuite>